<?xml version="1.0" encoding="UTF-8"?>
<!-- Generated by org.testng.reporters.JUnitReportReporter -->
<testsuite hostname="DESKTOP-56LNQVK" failures="0" tests="1" name="AlterShop_Testcases.TC_002_Altershop_AssetDeatils" time="11.152" errors="0" timestamp="2024-08-02T20:29:00 IST" skipped="0">
  <testcase classname="AlterShop_Testcases.TC_002_Altershop_AssetDeatils" name="AssetDeatilsTest" time="11.152"/>
</testsuite> <!-- AlterShop_Testcases.TC_002_Altershop_AssetDeatils -->
