<?xml version="1.0" encoding="UTF-8"?>
<!-- Generated by org.testng.reporters.JUnitReportReporter -->
<testsuite hostname="DESKTOP-56LNQVK" failures="0" tests="1" name="AlterShop_Testcases.TC_001_Altershop_SearchFunctionality" time="8.461" errors="0" timestamp="2024-08-02T20:29:00 IST" skipped="0">
  <testcase classname="AlterShop_Testcases.TC_001_Altershop_SearchFunctionality" name="SearchTest" time="8.461"/>
</testsuite> <!-- AlterShop_Testcases.TC_001_Altershop_SearchFunctionality -->
